0 info it worked if it ends with ok
1 verbose cli [ 'D:\\Program Files\\nodejs\\node.exe',
1 verbose cli   'D:\\Program Files\\nodejs\\node_modules\\npm\\bin\\npm-cli.js',
1 verbose cli   'install',
1 verbose cli   'jquery-unslider',
1 verbose cli   '--save-dev' ]
2 info using npm@3.10.3
3 info using node@v6.6.0
4 silly loadCurrentTree Starting
5 silly install loadCurrentTree
6 silly install readLocalPackageData
7 silly fetchPackageMetaData jquery-unslider
8 silly fetchNamedPackageData jquery-unslider
9 silly mapToRegistry name jquery-unslider
10 silly mapToRegistry using default registry
11 silly mapToRegistry registry https://registry.npmjs.org/
12 silly mapToRegistry data Result {
12 silly mapToRegistry   raw: 'jquery-unslider',
12 silly mapToRegistry   scope: null,
12 silly mapToRegistry   escapedName: 'jquery-unslider',
12 silly mapToRegistry   name: 'jquery-unslider',
12 silly mapToRegistry   rawSpec: '',
12 silly mapToRegistry   spec: 'latest',
12 silly mapToRegistry   type: 'tag' }
13 silly mapToRegistry uri https://registry.npmjs.org/jquery-unslider
14 verbose request uri https://registry.npmjs.org/jquery-unslider
15 verbose request no auth needed
16 info attempt registry request try #1 at 17:29:30
17 verbose request id 468e669c82411f04
18 http request GET https://registry.npmjs.org/jquery-unslider
19 http 200 https://registry.npmjs.org/jquery-unslider
20 verbose headers { server: 'nginx/1.10.1',
20 verbose headers   'content-type': 'application/json',
20 verbose headers   'last-modified': 'Wed, 06 Jul 2016 16:02:09 GMT',
20 verbose headers   etag: 'W/"577d2b81-40df"',
20 verbose headers   'content-encoding': 'gzip',
20 verbose headers   'cache-control': 'max-age=300',
20 verbose headers   'content-length': '2462',
20 verbose headers   'accept-ranges': 'bytes',
20 verbose headers   date: 'Tue, 29 Nov 2016 09:29:30 GMT',
20 verbose headers   via: '1.1 varnish',
20 verbose headers   age: '0',
20 verbose headers   connection: 'keep-alive',
20 verbose headers   'x-served-by': 'cache-ams4432-AMS',
20 verbose headers   'x-cache': 'MISS',
20 verbose headers   'x-cache-hits': '0',
20 verbose headers   'x-timer': 'S1480411770.394280,VS0,VE7',
20 verbose headers   vary: 'Accept-Encoding' }
21 silly get cb [ 200,
21 silly get   { server: 'nginx/1.10.1',
21 silly get     'content-type': 'application/json',
21 silly get     'last-modified': 'Wed, 06 Jul 2016 16:02:09 GMT',
21 silly get     etag: 'W/"577d2b81-40df"',
21 silly get     'content-encoding': 'gzip',
21 silly get     'cache-control': 'max-age=300',
21 silly get     'content-length': '2462',
21 silly get     'accept-ranges': 'bytes',
21 silly get     date: 'Tue, 29 Nov 2016 09:29:30 GMT',
21 silly get     via: '1.1 varnish',
21 silly get     age: '0',
21 silly get     connection: 'keep-alive',
21 silly get     'x-served-by': 'cache-ams4432-AMS',
21 silly get     'x-cache': 'MISS',
21 silly get     'x-cache-hits': '0',
21 silly get     'x-timer': 'S1480411770.394280,VS0,VE7',
21 silly get     vary: 'Accept-Encoding' } ]
22 verbose get saving jquery-unslider to C:\Users\Administrator\AppData\Roaming\npm-cache\registry.npmjs.org\jquery-unslider\.cache.json
23 verbose correctMkdir C:\Users\Administrator\AppData\Roaming\npm-cache correctMkdir not in flight; initializing
24 silly install normalizeTree
25 silly loadCurrentTree Finishing
26 silly loadIdealTree Starting
27 silly install loadIdealTree
28 silly cloneCurrentTree Starting
29 silly install cloneCurrentTreeToIdealTree
30 silly cloneCurrentTree Finishing
31 silly loadShrinkwrap Starting
32 silly install loadShrinkwrap
33 silly loadShrinkwrap Finishing
34 silly loadAllDepsIntoIdealTree Starting
35 silly install loadAllDepsIntoIdealTree
36 silly resolveWithNewModule jquery-unslider@1.2.0 checking installable status
37 silly cache add args [ 'jquery-unslider', null ]
38 verbose cache add spec jquery-unslider
39 silly cache add parsed spec Result {
39 silly cache add   raw: 'jquery-unslider',
39 silly cache add   scope: null,
39 silly cache add   escapedName: 'jquery-unslider',
39 silly cache add   name: 'jquery-unslider',
39 silly cache add   rawSpec: '',
39 silly cache add   spec: 'latest',
39 silly cache add   type: 'tag' }
40 silly addNamed jquery-unslider@latest
41 verbose addNamed "latest" is being treated as a dist-tag for jquery-unslider
42 info addNameTag [ 'jquery-unslider', 'latest' ]
43 silly mapToRegistry name jquery-unslider
44 silly mapToRegistry using default registry
45 silly mapToRegistry registry https://registry.npmjs.org/
46 silly mapToRegistry data Result {
46 silly mapToRegistry   raw: 'jquery-unslider',
46 silly mapToRegistry   scope: null,
46 silly mapToRegistry   escapedName: 'jquery-unslider',
46 silly mapToRegistry   name: 'jquery-unslider',
46 silly mapToRegistry   rawSpec: '',
46 silly mapToRegistry   spec: 'latest',
46 silly mapToRegistry   type: 'tag' }
47 silly mapToRegistry uri https://registry.npmjs.org/jquery-unslider
48 verbose addNameTag registry:https://registry.npmjs.org/jquery-unslider not in flight; fetching
49 verbose get https://registry.npmjs.org/jquery-unslider not expired, no request
50 silly addNameTag next cb for jquery-unslider with tag latest
51 silly addNamed jquery-unslider@1.2.0
52 verbose addNamed "1.2.0" is a plain semver version for jquery-unslider
53 silly mapToRegistry name jquery-unslider
54 silly mapToRegistry using default registry
55 silly mapToRegistry registry https://registry.npmjs.org/
56 silly mapToRegistry data Result {
56 silly mapToRegistry   raw: 'jquery-unslider',
56 silly mapToRegistry   scope: null,
56 silly mapToRegistry   escapedName: 'jquery-unslider',
56 silly mapToRegistry   name: 'jquery-unslider',
56 silly mapToRegistry   rawSpec: '',
56 silly mapToRegistry   spec: 'latest',
56 silly mapToRegistry   type: 'tag' }
57 silly mapToRegistry uri https://registry.npmjs.org/jquery-unslider
58 verbose addRemoteTarball https://registry.npmjs.org/jquery-unslider/-/jquery-unslider-1.2.0.tgz not in flight; adding
59 verbose addRemoteTarball [ 'https://registry.npmjs.org/jquery-unslider/-/jquery-unslider-1.2.0.tgz',
59 verbose addRemoteTarball   '30738f6eae5bc381be8b5379f62cf48fb9fef77d' ]
60 info retry fetch attempt 1 at 17:29:32
61 info attempt registry request try #1 at 17:29:32
62 http fetch GET https://registry.npmjs.org/jquery-unslider/-/jquery-unslider-1.2.0.tgz
63 http fetch 200 https://registry.npmjs.org/jquery-unslider/-/jquery-unslider-1.2.0.tgz
64 silly fetchAndShaCheck shasum 30738f6eae5bc381be8b5379f62cf48fb9fef77d
65 verbose addTmpTarball C:\Users\ADMINI~1\AppData\Local\Temp\npm-7088-559b4c8a\registry.npmjs.org\jquery-unslider\-\jquery-unslider-1.2.0.tgz not in flight; adding
66 verbose addTmpTarball already have metadata; skipping unpack for jquery-unslider@1.2.0
67 verbose correctMkdir C:\Users\Administrator\AppData\Roaming\npm-cache correctMkdir not in flight; initializing
68 silly cache afterAdd jquery-unslider@1.2.0
69 verbose afterAdd C:\Users\Administrator\AppData\Roaming\npm-cache\jquery-unslider\1.2.0\package\package.json not in flight; writing
70 verbose correctMkdir C:\Users\Administrator\AppData\Roaming\npm-cache correctMkdir not in flight; initializing
71 verbose afterAdd C:\Users\Administrator\AppData\Roaming\npm-cache\jquery-unslider\1.2.0\package\package.json written
72 silly fetchNamedPackageData fsevents
73 silly mapToRegistry name fsevents
74 silly mapToRegistry using default registry
75 silly mapToRegistry registry https://registry.npmjs.org/
76 silly mapToRegistry data Result {
76 silly mapToRegistry   raw: 'fsevents',
76 silly mapToRegistry   scope: null,
76 silly mapToRegistry   escapedName: 'fsevents',
76 silly mapToRegistry   name: 'fsevents',
76 silly mapToRegistry   rawSpec: '',
76 silly mapToRegistry   spec: 'latest',
76 silly mapToRegistry   type: 'tag' }
77 silly mapToRegistry uri https://registry.npmjs.org/fsevents
78 verbose request uri https://registry.npmjs.org/fsevents
79 verbose request no auth needed
80 info attempt registry request try #1 at 17:29:33
81 verbose etag W/"58352bb5-bb79"
82 verbose lastModified Wed, 23 Nov 2016 05:40:05 GMT
83 http request GET https://registry.npmjs.org/fsevents
84 http 304 https://registry.npmjs.org/fsevents
85 verbose headers { date: 'Tue, 29 Nov 2016 09:29:32 GMT',
85 verbose headers   via: '1.1 varnish',
85 verbose headers   'cache-control': 'max-age=300',
85 verbose headers   etag: 'W/"58352bb5-bb79"',
85 verbose headers   age: '50',
85 verbose headers   connection: 'keep-alive',
85 verbose headers   'x-served-by': 'cache-ams4432-AMS',
85 verbose headers   'x-cache': 'HIT',
85 verbose headers   'x-cache-hits': '3',
85 verbose headers   'x-timer': 'S1480411772.058426,VS0,VE0',
85 verbose headers   vary: 'Accept-Encoding' }
86 silly get cb [ 304,
86 silly get   { date: 'Tue, 29 Nov 2016 09:29:32 GMT',
86 silly get     via: '1.1 varnish',
86 silly get     'cache-control': 'max-age=300',
86 silly get     etag: 'W/"58352bb5-bb79"',
86 silly get     age: '50',
86 silly get     connection: 'keep-alive',
86 silly get     'x-served-by': 'cache-ams4432-AMS',
86 silly get     'x-cache': 'HIT',
86 silly get     'x-cache-hits': '3',
86 silly get     'x-timer': 'S1480411772.058426,VS0,VE0',
86 silly get     vary: 'Accept-Encoding' } ]
87 verbose etag https://registry.npmjs.org/fsevents from cache
88 verbose get saving fsevents to C:\Users\Administrator\AppData\Roaming\npm-cache\registry.npmjs.org\fsevents\.cache.json
89 verbose correctMkdir C:\Users\Administrator\AppData\Roaming\npm-cache correctMkdir not in flight; initializing
90 silly resolveWithNewModule fsevents@1.0.15 checking installable status
91 silly loadAllDepsIntoIdealTree Finishing
92 silly loadIdealTree Finishing
93 silly currentTree vue-webpack@1.0.0
93 silly currentTree +-- acorn@3.3.0
93 silly currentTree +-- align-text@0.1.4
93 silly currentTree +-- alphanum-sort@1.0.2
93 silly currentTree +-- amdefine@1.0.1
93 silly currentTree +-- ansi-regex@2.0.0
93 silly currentTree +-- ansi-styles@2.2.1
93 silly currentTree +-- anymatch@1.3.0
93 silly currentTree +-- argparse@1.0.9
93 silly currentTree +-- arr-diff@2.0.0
93 silly currentTree +-- arr-flatten@1.0.1
93 silly currentTree +-- array-unique@0.2.1
93 silly currentTree +-- arrify@1.0.1
93 silly currentTree +-- asap@2.0.5
93 silly currentTree +-- assert@1.4.1
93 silly currentTree +-- ast-types@0.9.2
93 silly currentTree +-- async-each@1.0.1
93 silly currentTree +-- async@1.5.2
93 silly currentTree +-- autoprefixer@6.5.3
93 silly currentTree +-- babel-code-frame@6.16.0
93 silly currentTree +-- babel-core@6.18.2
93 silly currentTree | `-- babel-runtime@6.18.0
93 silly currentTree +-- babel-generator@6.19.0
93 silly currentTree | `-- babel-runtime@6.18.0
93 silly currentTree +-- babel-helper-bindify-decorators@6.18.0
93 silly currentTree | `-- babel-runtime@6.18.0
93 silly currentTree +-- babel-helper-builder-binary-assignment-operator-visitor@6.18.0
93 silly currentTree | `-- babel-runtime@6.18.0
93 silly currentTree +-- babel-helper-call-delegate@6.18.0
93 silly currentTree | `-- babel-runtime@6.18.0
93 silly currentTree +-- babel-helper-define-map@6.18.0
93 silly currentTree | `-- babel-runtime@6.18.0
93 silly currentTree +-- babel-helper-explode-assignable-expression@6.18.0
93 silly currentTree | `-- babel-runtime@6.18.0
93 silly currentTree +-- babel-helper-explode-class@6.18.0
93 silly currentTree | `-- babel-runtime@6.18.0
93 silly currentTree +-- babel-helper-function-name@6.18.0
93 silly currentTree | `-- babel-runtime@6.18.0
93 silly currentTree +-- babel-helper-get-function-arity@6.18.0
93 silly currentTree | `-- babel-runtime@6.18.0
93 silly currentTree +-- babel-helper-hoist-variables@6.18.0
93 silly currentTree | `-- babel-runtime@6.18.0
93 silly currentTree +-- babel-helper-optimise-call-expression@6.18.0
93 silly currentTree | `-- babel-runtime@6.18.0
93 silly currentTree +-- babel-helper-regex@6.18.0
93 silly currentTree | `-- babel-runtime@6.18.0
93 silly currentTree +-- babel-helper-remap-async-to-generator@6.18.0
93 silly currentTree | `-- babel-runtime@6.18.0
93 silly currentTree +-- babel-helper-replace-supers@6.18.0
93 silly currentTree | `-- babel-runtime@6.18.0
93 silly currentTree +-- babel-helpers@6.16.0
93 silly currentTree | `-- babel-runtime@6.18.0
93 silly currentTree +-- babel-loader@6.2.8
93 silly currentTree +-- babel-messages@6.8.0
93 silly currentTree | `-- babel-runtime@6.18.0
93 silly currentTree +-- babel-plugin-check-es2015-constants@6.8.0
93 silly currentTree | `-- babel-runtime@6.18.0
93 silly currentTree +-- babel-plugin-syntax-async-functions@6.13.0
93 silly currentTree +-- babel-plugin-syntax-async-generators@6.13.0
93 silly currentTree +-- babel-plugin-syntax-class-constructor-call@6.18.0
93 silly currentTree +-- babel-plugin-syntax-class-properties@6.13.0
93 silly currentTree +-- babel-plugin-syntax-decorators@6.13.0
93 silly currentTree +-- babel-plugin-syntax-do-expressions@6.13.0
93 silly currentTree +-- babel-plugin-syntax-dynamic-import@6.18.0
93 silly currentTree +-- babel-plugin-syntax-exponentiation-operator@6.13.0
93 silly currentTree +-- babel-plugin-syntax-export-extensions@6.13.0
93 silly currentTree +-- babel-plugin-syntax-function-bind@6.13.0
93 silly currentTree +-- babel-plugin-syntax-object-rest-spread@6.13.0
93 silly currentTree +-- babel-plugin-syntax-trailing-function-commas@6.13.0
93 silly currentTree +-- babel-plugin-transform-async-generator-functions@6.17.0
93 silly currentTree | `-- babel-runtime@6.18.0
93 silly currentTree +-- babel-plugin-transform-async-to-generator@6.16.0
93 silly currentTree | `-- babel-runtime@6.18.0
93 silly currentTree +-- babel-plugin-transform-class-constructor-call@6.18.0
93 silly currentTree | `-- babel-runtime@6.18.0
93 silly currentTree +-- babel-plugin-transform-class-properties@6.19.0
93 silly currentTree | `-- babel-runtime@6.18.0
93 silly currentTree +-- babel-plugin-transform-decorators@6.13.0
93 silly currentTree | `-- babel-runtime@6.18.0
93 silly currentTree +-- babel-plugin-transform-do-expressions@6.8.0
93 silly currentTree | `-- babel-runtime@6.18.0
93 silly currentTree +-- babel-plugin-transform-es2015-arrow-functions@6.8.0
93 silly currentTree | `-- babel-runtime@6.18.0
93 silly currentTree +-- babel-plugin-transform-es2015-block-scoped-functions@6.8.0
93 silly currentTree | `-- babel-runtime@6.18.0
93 silly currentTree +-- babel-plugin-transform-es2015-block-scoping@6.18.0
93 silly currentTree | `-- babel-runtime@6.18.0
93 silly currentTree +-- babel-plugin-transform-es2015-classes@6.18.0
93 silly currentTree | `-- babel-runtime@6.18.0
93 silly currentTree +-- babel-plugin-transform-es2015-computed-properties@6.8.0
93 silly currentTree | `-- babel-runtime@6.18.0
93 silly currentTree +-- babel-plugin-transform-es2015-destructuring@6.19.0
93 silly currentTree | `-- babel-runtime@6.18.0
93 silly currentTree +-- babel-plugin-transform-es2015-duplicate-keys@6.8.0
93 silly currentTree | `-- babel-runtime@6.18.0
93 silly currentTree +-- babel-plugin-transform-es2015-for-of@6.18.0
93 silly currentTree | `-- babel-runtime@6.18.0
93 silly currentTree +-- babel-plugin-transform-es2015-function-name@6.9.0
93 silly currentTree | `-- babel-runtime@6.18.0
93 silly currentTree +-- babel-plugin-transform-es2015-literals@6.8.0
93 silly currentTree | `-- babel-runtime@6.18.0
93 silly currentTree +-- babel-plugin-transform-es2015-modules-amd@6.18.0
93 silly currentTree | `-- babel-runtime@6.18.0
93 silly currentTree +-- babel-plugin-transform-es2015-modules-commonjs@6.18.0
93 silly currentTree | `-- babel-runtime@6.18.0
93 silly currentTree +-- babel-plugin-transform-es2015-modules-systemjs@6.19.0
93 silly currentTree | `-- babel-runtime@6.18.0
93 silly currentTree +-- babel-plugin-transform-es2015-modules-umd@6.18.0
93 silly currentTree | `-- babel-runtime@6.18.0
93 silly currentTree +-- babel-plugin-transform-es2015-object-super@6.8.0
93 silly currentTree | `-- babel-runtime@6.18.0
93 silly currentTree +-- babel-plugin-transform-es2015-parameters@6.18.0
93 silly currentTree | `-- babel-runtime@6.18.0
93 silly currentTree +-- babel-plugin-transform-es2015-shorthand-properties@6.18.0
93 silly currentTree | `-- babel-runtime@6.18.0
93 silly currentTree +-- babel-plugin-transform-es2015-spread@6.8.0
93 silly currentTree | `-- babel-runtime@6.18.0
93 silly currentTree +-- babel-plugin-transform-es2015-sticky-regex@6.8.0
93 silly currentTree | `-- babel-runtime@6.18.0
93 silly currentTree +-- babel-plugin-transform-es2015-template-literals@6.8.0
93 silly currentTree | `-- babel-runtime@6.18.0
93 silly currentTree +-- babel-plugin-transform-es2015-typeof-symbol@6.18.0
93 silly currentTree | `-- babel-runtime@6.18.0
93 silly currentTree +-- babel-plugin-transform-es2015-unicode-regex@6.11.0
93 silly currentTree | `-- babel-runtime@6.18.0
93 silly currentTree +-- babel-plugin-transform-exponentiation-operator@6.8.0
93 silly currentTree | `-- babel-runtime@6.18.0
93 silly currentTree +-- babel-plugin-transform-export-extensions@6.8.0
93 silly currentTree | `-- babel-runtime@6.18.0
93 silly currentTree +-- babel-plugin-transform-function-bind@6.8.0
93 silly currentTree | `-- babel-runtime@6.18.0
93 silly currentTree +-- babel-plugin-transform-object-rest-spread@6.19.0
93 silly currentTree | `-- babel-runtime@6.18.0
93 silly currentTree +-- babel-plugin-transform-regenerator@6.16.1
93 silly currentTree | `-- babel-runtime@6.18.0
93 silly currentTree +-- babel-plugin-transform-runtime@6.15.0
93 silly currentTree | `-- babel-runtime@6.18.0
93 silly currentTree +-- babel-plugin-transform-strict-mode@6.18.0
93 silly currentTree | `-- babel-runtime@6.18.0
93 silly currentTree +-- babel-preset-es2015@6.18.0
93 silly currentTree +-- babel-preset-stage-0@6.16.0
93 silly currentTree +-- babel-preset-stage-1@6.16.0
93 silly currentTree +-- babel-preset-stage-2@6.18.0
93 silly currentTree +-- babel-preset-stage-3@6.17.0
93 silly currentTree +-- babel-register@6.18.0
93 silly currentTree | `-- babel-runtime@6.18.0
93 silly currentTree +-- babel-runtime@5.8.38
93 silly currentTree | `-- core-js@1.2.7
93 silly currentTree +-- babel-template@6.16.0
93 silly currentTree | `-- babel-runtime@6.18.0
93 silly currentTree +-- babel-traverse@6.19.0
93 silly currentTree | `-- babel-runtime@6.18.0
93 silly currentTree +-- babel-types@6.19.0
93 silly currentTree | `-- babel-runtime@6.18.0
93 silly currentTree +-- babylon@6.14.1
93 silly currentTree +-- balanced-match@0.4.2
93 silly currentTree +-- base62@1.1.2
93 silly currentTree +-- base64-js@1.2.0
93 silly currentTree +-- Base64@0.2.1
93 silly currentTree +-- big.js@3.1.3
93 silly currentTree +-- binary-extensions@1.7.0
93 silly currentTree +-- bootstrap@3.3.7
93 silly currentTree +-- brace-expansion@1.1.6
93 silly currentTree +-- braces@1.8.5
93 silly currentTree +-- browserify-zlib@0.1.4
93 silly currentTree +-- browserslist@1.4.0
93 silly currentTree +-- buffer-shims@1.0.0
93 silly currentTree +-- buffer@4.9.1
93 silly currentTree +-- camel-case@3.0.0
93 silly currentTree +-- camelcase@1.2.1
93 silly currentTree +-- caniuse-db@1.0.30000588
93 silly currentTree +-- center-align@0.1.3
93 silly currentTree +-- chalk@1.1.3
93 silly currentTree +-- change-case@3.0.0
93 silly currentTree +-- chokidar@1.6.1
93 silly currentTree +-- clap@1.1.1
93 silly currentTree +-- clean-css@3.4.21
93 silly currentTree | +-- commander@2.8.1
93 silly currentTree | `-- source-map@0.4.4
93 silly currentTree +-- cliui@2.1.0
93 silly currentTree | `-- wordwrap@0.0.2
93 silly currentTree +-- clone@1.0.2
93 silly currentTree +-- coa@1.0.1
93 silly currentTree +-- color-convert@1.8.2
93 silly currentTree +-- color-name@1.1.1
93 silly currentTree +-- color-string@0.3.0
93 silly currentTree +-- color@0.11.4
93 silly currentTree +-- colormin@1.1.2
93 silly currentTree +-- colors@1.1.2
93 silly currentTree +-- commander@2.9.0
93 silly currentTree +-- commondir@1.0.1
93 silly currentTree +-- commoner@0.10.8
93 silly currentTree +-- concat-map@0.0.1
93 silly currentTree +-- console-browserify@1.1.0
93 silly currentTree +-- constant-case@2.0.0
93 silly currentTree +-- constants-browserify@0.0.1
93 silly currentTree +-- convert-source-map@1.3.0
93 silly currentTree +-- core-js@2.4.1
93 silly currentTree +-- core-util-is@1.0.2
93 silly currentTree +-- crypto-browserify@3.2.8
93 silly currentTree +-- css-color-names@0.0.4
93 silly currentTree +-- css-loader@0.23.1
93 silly currentTree +-- css-selector-tokenizer@0.5.4
93 silly currentTree +-- cssesc@0.1.0
93 silly currentTree +-- cssnano@3.8.1
93 silly currentTree +-- csso@2.2.1
93 silly currentTree +-- date-now@0.1.4
93 silly currentTree +-- debug@2.3.3
93 silly currentTree +-- decamelize@1.2.0
93 silly currentTree +-- defined@1.0.0
93 silly currentTree +-- detect-indent@4.0.0
93 silly currentTree +-- detective@4.3.2
93 silly currentTree +-- domain-browser@1.1.7
93 silly currentTree +-- dot-case@2.1.0
93 silly currentTree +-- emojis-list@2.1.0
93 silly currentTree +-- enhanced-resolve@0.9.1
93 silly currentTree | `-- memory-fs@0.2.0
93 silly currentTree +-- envify@3.4.1
93 silly currentTree +-- errno@0.1.4
93 silly currentTree +-- es6-templates@0.2.3
93 silly currentTree +-- escape-string-regexp@1.0.5
93 silly currentTree +-- esprima-fb@15001.1.0-dev-harmony-fb
93 silly currentTree +-- esutils@2.0.2
93 silly currentTree +-- events@1.1.1
93 silly currentTree +-- expand-brackets@0.1.5
93 silly currentTree +-- expand-range@1.8.2
93 silly currentTree +-- extglob@0.3.2
93 silly currentTree +-- extract-text-webpack-plugin@1.0.1
93 silly currentTree +-- fastparse@1.1.1
93 silly currentTree +-- file-loader@0.9.0
93 silly currentTree +-- filename-regex@2.0.0
93 silly currentTree +-- fill-range@2.2.3
93 silly currentTree +-- find-cache-dir@0.1.1
93 silly currentTree +-- find-up@1.1.2
93 silly currentTree +-- flatten@1.0.2
93 silly currentTree +-- for-in@0.1.6
93 silly currentTree +-- for-own@0.1.4
93 silly currentTree +-- function-bind@1.1.0
93 silly currentTree +-- glob-base@0.3.0
93 silly currentTree +-- glob-parent@2.0.0
93 silly currentTree +-- glob@5.0.15
93 silly currentTree +-- globals@9.14.0
93 silly currentTree +-- graceful-fs@4.1.11
93 silly currentTree +-- graceful-readlink@1.0.1
93 silly currentTree +-- has-ansi@2.0.0
93 silly currentTree +-- has-flag@1.0.0
93 silly currentTree +-- has@1.0.1
93 silly currentTree +-- hash-sum@1.0.2
93 silly currentTree +-- he@1.1.0
93 silly currentTree +-- header-case@1.0.0
93 silly currentTree +-- home-or-tmp@2.0.0
93 silly currentTree +-- html-comment-regex@1.1.1
93 silly currentTree +-- html-minifier@2.1.7
93 silly currentTree | +-- async@0.2.10
93 silly currentTree | `-- uglify-js@2.6.4
93 silly currentTree +-- http-browserify@1.7.0
93 silly currentTree +-- https-browserify@0.0.0
93 silly currentTree +-- iconv-lite@0.4.15
93 silly currentTree +-- icss-replace-symbols@1.0.2
93 silly currentTree +-- ieee754@1.1.8
93 silly currentTree +-- image-size@0.5.0
93 silly currentTree +-- indexes-of@1.0.1
93 silly currentTree +-- indexof@0.0.1
93 silly currentTree +-- inflight@1.0.6
93 silly currentTree +-- inherits@2.0.3
93 silly currentTree +-- interpret@0.6.6
93 silly currentTree +-- invariant@2.2.2
93 silly currentTree +-- is-absolute-url@2.0.0
93 silly currentTree +-- is-binary-path@1.0.1
93 silly currentTree +-- is-buffer@1.1.4
93 silly currentTree +-- is-dotfile@1.0.2
93 silly currentTree +-- is-equal-shallow@0.1.3
93 silly currentTree +-- is-extendable@0.1.1
93 silly currentTree +-- is-extglob@1.0.0
93 silly currentTree +-- is-finite@1.0.2
93 silly currentTree +-- is-glob@2.0.1
93 silly currentTree +-- is-lower-case@1.1.3
93 silly currentTree +-- is-number@2.1.0
93 silly currentTree +-- is-plain-obj@1.1.0
93 silly currentTree +-- is-posix-bracket@0.1.1
93 silly currentTree +-- is-primitive@2.0.0
93 silly currentTree +-- is-svg@2.1.0
93 silly currentTree +-- is-upper-case@1.1.2
93 silly currentTree +-- isarray@1.0.0
93 silly currentTree +-- isobject@2.1.0
93 silly currentTree +-- jquery@3.1.1
93 silly currentTree +-- js-base64@2.1.9
93 silly currentTree +-- js-tokens@2.0.0
93 silly currentTree +-- js-yaml@3.6.1
93 silly currentTree | `-- esprima@2.7.3
93 silly currentTree +-- jsesc@1.3.0
93 silly currentTree +-- json5@0.5.1
93 silly currentTree +-- jstransform@11.0.3
93 silly currentTree | +-- object-assign@2.1.1
93 silly currentTree | `-- source-map@0.4.4
93 silly currentTree +-- kind-of@3.0.4
93 silly currentTree +-- lazy-cache@1.0.4
93 silly currentTree +-- less-loader@2.2.3
93 silly currentTree +-- less@2.7.1
93 silly currentTree +-- loader-utils@0.2.16
93 silly currentTree +-- lodash._createcompounder@3.0.0
93 silly currentTree +-- lodash._root@3.0.1
93 silly currentTree +-- lodash.camelcase@3.0.1
93 silly currentTree +-- lodash.deburr@3.2.0
93 silly currentTree +-- lodash.indexof@4.0.5
93 silly currentTree +-- lodash.words@3.2.0
93 silly currentTree +-- lodash@4.17.2
93 silly currentTree +-- longest@1.0.1
93 silly currentTree +-- loose-envify@1.3.0
93 silly currentTree +-- lower-case-first@1.0.2
93 silly currentTree +-- lower-case@1.1.3
93 silly currentTree +-- lru-cache@2.7.3
93 silly currentTree +-- macaddress@0.2.8
93 silly currentTree +-- math-expression-evaluator@1.2.14
93 silly currentTree +-- memory-fs@0.3.0
93 silly currentTree +-- micromatch@2.3.11
93 silly currentTree +-- mime@1.3.4
93 silly currentTree +-- minimatch@3.0.3
93 silly currentTree +-- minimist@0.0.8
93 silly currentTree +-- mkdirp@0.5.1
93 silly currentTree +-- ms@0.7.2
93 silly currentTree +-- ncname@1.0.0
93 silly currentTree +-- no-case@2.3.0
93 silly currentTree +-- node-libs-browser@0.6.0
93 silly currentTree | +-- isarray@0.0.1
93 silly currentTree | `-- readable-stream@1.1.14
93 silly currentTree +-- normalize-path@2.0.1
93 silly currentTree +-- normalize-range@0.1.2
93 silly currentTree +-- normalize-url@1.8.0
93 silly currentTree +-- num2fraction@1.2.2
93 silly currentTree +-- number-is-nan@1.0.1
93 silly currentTree +-- object-assign@4.1.0
93 silly currentTree +-- object.omit@2.0.1
93 silly currentTree +-- once@1.4.0
93 silly currentTree +-- optimist@0.6.1
93 silly currentTree +-- os-browserify@0.1.2
93 silly currentTree +-- os-homedir@1.0.2
93 silly currentTree +-- os-tmpdir@1.0.2
93 silly currentTree +-- pako@0.2.9
93 silly currentTree +-- param-case@2.1.0
93 silly currentTree +-- parse-glob@3.0.4
93 silly currentTree +-- parse5@1.5.1
93 silly currentTree +-- pascal-case@2.0.0
93 silly currentTree +-- path-browserify@0.0.0
93 silly currentTree +-- path-case@2.1.0
93 silly currentTree +-- path-exists@2.1.0
93 silly currentTree +-- path-is-absolute@1.0.1
93 silly currentTree +-- pbkdf2-compat@2.0.1
93 silly currentTree +-- pinkie-promise@2.0.1
93 silly currentTree +-- pinkie@2.0.4
93 silly currentTree +-- pkg-dir@1.0.0
93 silly currentTree +-- postcss-calc@5.3.1
93 silly currentTree +-- postcss-colormin@2.2.1
93 silly currentTree +-- postcss-convert-values@2.5.0
93 silly currentTree +-- postcss-discard-comments@2.0.4
93 silly currentTree +-- postcss-discard-duplicates@2.0.2
93 silly currentTree +-- postcss-discard-empty@2.1.0
93 silly currentTree +-- postcss-discard-overridden@0.1.1
93 silly currentTree +-- postcss-discard-unused@2.2.3
93 silly currentTree +-- postcss-filter-plugins@2.0.2
93 silly currentTree +-- postcss-merge-idents@2.1.7
93 silly currentTree +-- postcss-merge-longhand@2.0.1
93 silly currentTree +-- postcss-merge-rules@2.0.10
93 silly currentTree +-- postcss-message-helpers@2.0.0
93 silly currentTree +-- postcss-minify-font-values@1.0.5
93 silly currentTree +-- postcss-minify-gradients@1.0.5
93 silly currentTree +-- postcss-minify-params@1.0.5
93 silly currentTree +-- postcss-minify-selectors@2.0.7
93 silly currentTree +-- postcss-modules-extract-imports@1.0.1
93 silly currentTree +-- postcss-modules-local-by-default@1.1.1
93 silly currentTree | +-- css-selector-tokenizer@0.6.0
93 silly currentTree | `-- regexpu-core@1.0.0
93 silly currentTree +-- postcss-modules-scope@1.0.2
93 silly currentTree | +-- css-selector-tokenizer@0.6.0
93 silly currentTree | `-- regexpu-core@1.0.0
93 silly currentTree +-- postcss-modules-values@1.2.2
93 silly currentTree +-- postcss-normalize-charset@1.1.1
93 silly currentTree +-- postcss-normalize-url@3.0.7
93 silly currentTree +-- postcss-ordered-values@2.2.2
93 silly currentTree +-- postcss-reduce-idents@2.3.1
93 silly currentTree +-- postcss-reduce-initial@1.0.0
93 silly currentTree +-- postcss-reduce-transforms@1.0.4
93 silly currentTree +-- postcss-selector-parser@2.2.2
93 silly currentTree +-- postcss-svgo@2.1.5
93 silly currentTree +-- postcss-unique-selectors@2.0.2
93 silly currentTree +-- postcss-value-parser@3.3.0
93 silly currentTree +-- postcss-zindex@2.2.0
93 silly currentTree +-- postcss@5.2.6
93 silly currentTree | `-- supports-color@3.1.2
93 silly currentTree +-- prepend-http@1.0.4
93 silly currentTree +-- preserve@0.2.0
93 silly currentTree +-- private@0.1.6
93 silly currentTree +-- process-nextick-args@1.0.7
93 silly currentTree +-- process@0.11.9
93 silly currentTree +-- promise@7.1.1
93 silly currentTree +-- prr@0.0.0
93 silly currentTree +-- punycode@1.4.1
93 silly currentTree +-- q@1.4.1
93 silly currentTree +-- query-string@4.2.3
93 silly currentTree +-- querystring-es3@0.2.1
93 silly currentTree +-- querystring@0.2.0
93 silly currentTree +-- randomatic@1.1.6
93 silly currentTree +-- readable-stream@2.2.2
93 silly currentTree +-- readdirp@2.1.0
93 silly currentTree +-- recast@0.11.18
93 silly currentTree | `-- esprima@3.1.2
93 silly currentTree +-- reduce-css-calc@1.3.0
93 silly currentTree +-- reduce-function-call@1.0.2
93 silly currentTree +-- regenerate@1.3.2
93 silly currentTree +-- regenerator-runtime@0.9.6
93 silly currentTree +-- regex-cache@0.4.3
93 silly currentTree +-- regexpu-core@2.0.0
93 silly currentTree +-- regjsgen@0.2.0
93 silly currentTree +-- regjsparser@0.1.5
93 silly currentTree | `-- jsesc@0.5.0
93 silly currentTree +-- relateurl@0.2.7
93 silly currentTree +-- repeat-element@1.1.2
93 silly currentTree +-- repeat-string@1.6.1
93 silly currentTree +-- repeating@2.0.1
93 silly currentTree +-- right-align@0.1.3
93 silly currentTree +-- ripemd160@0.2.0
93 silly currentTree +-- sax@1.2.1
93 silly currentTree +-- sentence-case@2.1.0
93 silly currentTree +-- set-immediate-shim@1.0.1
93 silly currentTree +-- sha.js@2.2.6
93 silly currentTree +-- slash@1.0.0
93 silly currentTree +-- snake-case@2.1.0
93 silly currentTree +-- sort-keys@1.1.2
93 silly currentTree +-- source-list-map@0.1.6
93 silly currentTree +-- source-map-support@0.4.6
93 silly currentTree +-- source-map@0.5.6
93 silly currentTree +-- sprintf-js@1.0.3
93 silly currentTree +-- stream-browserify@1.0.0
93 silly currentTree | +-- isarray@0.0.1
93 silly currentTree | `-- readable-stream@1.1.14
93 silly currentTree +-- strict-uri-encode@1.1.0
93 silly currentTree +-- string_decoder@0.10.31
93 silly currentTree +-- strip-ansi@3.0.1
93 silly currentTree +-- style-loader@0.13.1
93 silly currentTree +-- supports-color@2.0.0
93 silly currentTree +-- svgo@0.7.1
93 silly currentTree +-- swap-case@1.1.2
93 silly currentTree +-- tapable@0.1.10
93 silly currentTree +-- through@2.3.8
93 silly currentTree +-- timers-browserify@1.4.2
93 silly currentTree +-- title-case@2.1.0
93 silly currentTree +-- to-fast-properties@1.0.2
93 silly currentTree +-- tty-browserify@0.0.0
93 silly currentTree +-- uglify-js@2.7.4
93 silly currentTree | `-- async@0.2.10
93 silly currentTree +-- uglify-to-browserify@1.0.2
93 silly currentTree +-- uniq@1.0.1
93 silly currentTree +-- uniqid@4.1.0
93 silly currentTree +-- uniqs@2.0.0
93 silly currentTree +-- upper-case-first@1.1.2
93 silly currentTree +-- upper-case@1.1.3
93 silly currentTree +-- url-loader@0.5.7
93 silly currentTree | `-- mime@1.2.11
93 silly currentTree +-- url@0.10.3
93 silly currentTree | `-- punycode@1.3.2
93 silly currentTree +-- util-deprecate@1.0.2
93 silly currentTree +-- util@0.10.3
93 silly currentTree | `-- inherits@2.0.1
93 silly currentTree +-- vendors@1.0.1
93 silly currentTree +-- vm-browserify@0.0.4
93 silly currentTree +-- vue-hot-reload-api@1.3.3
93 silly currentTree +-- vue-html-loader@1.2.3
93 silly currentTree +-- vue-loader@7.5.3
93 silly currentTree | `-- postcss-selector-parser@1.3.3
93 silly currentTree +-- vue@1.0.28
93 silly currentTree +-- watchpack@0.2.9
93 silly currentTree | `-- async@0.9.2
93 silly currentTree +-- webpack-core@0.6.8
93 silly currentTree | `-- source-map@0.4.4
93 silly currentTree +-- webpack-sources@0.1.3
93 silly currentTree +-- webpack@1.13.3
93 silly currentTree | `-- supports-color@3.1.2
93 silly currentTree +-- whet.extend@0.9.9
93 silly currentTree +-- window-size@0.1.0
93 silly currentTree +-- wordwrap@0.0.3
93 silly currentTree +-- wrappy@1.0.2
93 silly currentTree +-- xml-char-classes@1.0.0
93 silly currentTree `-- yargs@3.10.0
94 silly idealTree vue-webpack@1.0.0
94 silly idealTree +-- acorn@3.3.0
94 silly idealTree +-- align-text@0.1.4
94 silly idealTree +-- alphanum-sort@1.0.2
94 silly idealTree +-- amdefine@1.0.1
94 silly idealTree +-- ansi-regex@2.0.0
94 silly idealTree +-- ansi-styles@2.2.1
94 silly idealTree +-- anymatch@1.3.0
94 silly idealTree +-- argparse@1.0.9
94 silly idealTree +-- arr-diff@2.0.0
94 silly idealTree +-- arr-flatten@1.0.1
94 silly idealTree +-- array-unique@0.2.1
94 silly idealTree +-- arrify@1.0.1
94 silly idealTree +-- asap@2.0.5
94 silly idealTree +-- assert@1.4.1
94 silly idealTree +-- ast-types@0.9.2
94 silly idealTree +-- async-each@1.0.1
94 silly idealTree +-- async@1.5.2
94 silly idealTree +-- autoprefixer@6.5.3
94 silly idealTree +-- babel-code-frame@6.16.0
94 silly idealTree +-- babel-core@6.18.2
94 silly idealTree | `-- babel-runtime@6.18.0
94 silly idealTree +-- babel-generator@6.19.0
94 silly idealTree | `-- babel-runtime@6.18.0
94 silly idealTree +-- babel-helper-bindify-decorators@6.18.0
94 silly idealTree | `-- babel-runtime@6.18.0
94 silly idealTree +-- babel-helper-builder-binary-assignment-operator-visitor@6.18.0
94 silly idealTree | `-- babel-runtime@6.18.0
94 silly idealTree +-- babel-helper-call-delegate@6.18.0
94 silly idealTree | `-- babel-runtime@6.18.0
94 silly idealTree +-- babel-helper-define-map@6.18.0
94 silly idealTree | `-- babel-runtime@6.18.0
94 silly idealTree +-- babel-helper-explode-assignable-expression@6.18.0
94 silly idealTree | `-- babel-runtime@6.18.0
94 silly idealTree +-- babel-helper-explode-class@6.18.0
94 silly idealTree | `-- babel-runtime@6.18.0
94 silly idealTree +-- babel-helper-function-name@6.18.0
94 silly idealTree | `-- babel-runtime@6.18.0
94 silly idealTree +-- babel-helper-get-function-arity@6.18.0
94 silly idealTree | `-- babel-runtime@6.18.0
94 silly idealTree +-- babel-helper-hoist-variables@6.18.0
94 silly idealTree | `-- babel-runtime@6.18.0
94 silly idealTree +-- babel-helper-optimise-call-expression@6.18.0
94 silly idealTree | `-- babel-runtime@6.18.0
94 silly idealTree +-- babel-helper-regex@6.18.0
94 silly idealTree | `-- babel-runtime@6.18.0
94 silly idealTree +-- babel-helper-remap-async-to-generator@6.18.0
94 silly idealTree | `-- babel-runtime@6.18.0
94 silly idealTree +-- babel-helper-replace-supers@6.18.0
94 silly idealTree | `-- babel-runtime@6.18.0
94 silly idealTree +-- babel-helpers@6.16.0
94 silly idealTree | `-- babel-runtime@6.18.0
94 silly idealTree +-- babel-loader@6.2.8
94 silly idealTree +-- babel-messages@6.8.0
94 silly idealTree | `-- babel-runtime@6.18.0
94 silly idealTree +-- babel-plugin-check-es2015-constants@6.8.0
94 silly idealTree | `-- babel-runtime@6.18.0
94 silly idealTree +-- babel-plugin-syntax-async-functions@6.13.0
94 silly idealTree +-- babel-plugin-syntax-async-generators@6.13.0
94 silly idealTree +-- babel-plugin-syntax-class-constructor-call@6.18.0
94 silly idealTree +-- babel-plugin-syntax-class-properties@6.13.0
94 silly idealTree +-- babel-plugin-syntax-decorators@6.13.0
94 silly idealTree +-- babel-plugin-syntax-do-expressions@6.13.0
94 silly idealTree +-- babel-plugin-syntax-dynamic-import@6.18.0
94 silly idealTree +-- babel-plugin-syntax-exponentiation-operator@6.13.0
94 silly idealTree +-- babel-plugin-syntax-export-extensions@6.13.0
94 silly idealTree +-- babel-plugin-syntax-function-bind@6.13.0
94 silly idealTree +-- babel-plugin-syntax-object-rest-spread@6.13.0
94 silly idealTree +-- babel-plugin-syntax-trailing-function-commas@6.13.0
94 silly idealTree +-- babel-plugin-transform-async-generator-functions@6.17.0
94 silly idealTree | `-- babel-runtime@6.18.0
94 silly idealTree +-- babel-plugin-transform-async-to-generator@6.16.0
94 silly idealTree | `-- babel-runtime@6.18.0
94 silly idealTree +-- babel-plugin-transform-class-constructor-call@6.18.0
94 silly idealTree | `-- babel-runtime@6.18.0
94 silly idealTree +-- babel-plugin-transform-class-properties@6.19.0
94 silly idealTree | `-- babel-runtime@6.18.0
94 silly idealTree +-- babel-plugin-transform-decorators@6.13.0
94 silly idealTree | `-- babel-runtime@6.18.0
94 silly idealTree +-- babel-plugin-transform-do-expressions@6.8.0
94 silly idealTree | `-- babel-runtime@6.18.0
94 silly idealTree +-- babel-plugin-transform-es2015-arrow-functions@6.8.0
94 silly idealTree | `-- babel-runtime@6.18.0
94 silly idealTree +-- babel-plugin-transform-es2015-block-scoped-functions@6.8.0
94 silly idealTree | `-- babel-runtime@6.18.0
94 silly idealTree +-- babel-plugin-transform-es2015-block-scoping@6.18.0
94 silly idealTree | `-- babel-runtime@6.18.0
94 silly idealTree +-- babel-plugin-transform-es2015-classes@6.18.0
94 silly idealTree | `-- babel-runtime@6.18.0
94 silly idealTree +-- babel-plugin-transform-es2015-computed-properties@6.8.0
94 silly idealTree | `-- babel-runtime@6.18.0
94 silly idealTree +-- babel-plugin-transform-es2015-destructuring@6.19.0
94 silly idealTree | `-- babel-runtime@6.18.0
94 silly idealTree +-- babel-plugin-transform-es2015-duplicate-keys@6.8.0
94 silly idealTree | `-- babel-runtime@6.18.0
94 silly idealTree +-- babel-plugin-transform-es2015-for-of@6.18.0
94 silly idealTree | `-- babel-runtime@6.18.0
94 silly idealTree +-- babel-plugin-transform-es2015-function-name@6.9.0
94 silly idealTree | `-- babel-runtime@6.18.0
94 silly idealTree +-- babel-plugin-transform-es2015-literals@6.8.0
94 silly idealTree | `-- babel-runtime@6.18.0
94 silly idealTree +-- babel-plugin-transform-es2015-modules-amd@6.18.0
94 silly idealTree | `-- babel-runtime@6.18.0
94 silly idealTree +-- babel-plugin-transform-es2015-modules-commonjs@6.18.0
94 silly idealTree | `-- babel-runtime@6.18.0
94 silly idealTree +-- babel-plugin-transform-es2015-modules-systemjs@6.19.0
94 silly idealTree | `-- babel-runtime@6.18.0
94 silly idealTree +-- babel-plugin-transform-es2015-modules-umd@6.18.0
94 silly idealTree | `-- babel-runtime@6.18.0
94 silly idealTree +-- babel-plugin-transform-es2015-object-super@6.8.0
94 silly idealTree | `-- babel-runtime@6.18.0
94 silly idealTree +-- babel-plugin-transform-es2015-parameters@6.18.0
94 silly idealTree | `-- babel-runtime@6.18.0
94 silly idealTree +-- babel-plugin-transform-es2015-shorthand-properties@6.18.0
94 silly idealTree | `-- babel-runtime@6.18.0
94 silly idealTree +-- babel-plugin-transform-es2015-spread@6.8.0
94 silly idealTree | `-- babel-runtime@6.18.0
94 silly idealTree +-- babel-plugin-transform-es2015-sticky-regex@6.8.0
94 silly idealTree | `-- babel-runtime@6.18.0
94 silly idealTree +-- babel-plugin-transform-es2015-template-literals@6.8.0
94 silly idealTree | `-- babel-runtime@6.18.0
94 silly idealTree +-- babel-plugin-transform-es2015-typeof-symbol@6.18.0
94 silly idealTree | `-- babel-runtime@6.18.0
94 silly idealTree +-- babel-plugin-transform-es2015-unicode-regex@6.11.0
94 silly idealTree | `-- babel-runtime@6.18.0
94 silly idealTree +-- babel-plugin-transform-exponentiation-operator@6.8.0
94 silly idealTree | `-- babel-runtime@6.18.0
94 silly idealTree +-- babel-plugin-transform-export-extensions@6.8.0
94 silly idealTree | `-- babel-runtime@6.18.0
94 silly idealTree +-- babel-plugin-transform-function-bind@6.8.0
94 silly idealTree | `-- babel-runtime@6.18.0
94 silly idealTree +-- babel-plugin-transform-object-rest-spread@6.19.0
94 silly idealTree | `-- babel-runtime@6.18.0
94 silly idealTree +-- babel-plugin-transform-regenerator@6.16.1
94 silly idealTree | `-- babel-runtime@6.18.0
94 silly idealTree +-- babel-plugin-transform-runtime@6.15.0
94 silly idealTree | `-- babel-runtime@6.18.0
94 silly idealTree +-- babel-plugin-transform-strict-mode@6.18.0
94 silly idealTree | `-- babel-runtime@6.18.0
94 silly idealTree +-- babel-preset-es2015@6.18.0
94 silly idealTree +-- babel-preset-stage-0@6.16.0
94 silly idealTree +-- babel-preset-stage-1@6.16.0
94 silly idealTree +-- babel-preset-stage-2@6.18.0
94 silly idealTree +-- babel-preset-stage-3@6.17.0
94 silly idealTree +-- babel-register@6.18.0
94 silly idealTree | `-- babel-runtime@6.18.0
94 silly idealTree +-- babel-runtime@5.8.38
94 silly idealTree | `-- core-js@1.2.7
94 silly idealTree +-- babel-template@6.16.0
94 silly idealTree | `-- babel-runtime@6.18.0
94 silly idealTree +-- babel-traverse@6.19.0
94 silly idealTree | `-- babel-runtime@6.18.0
94 silly idealTree +-- babel-types@6.19.0
94 silly idealTree | `-- babel-runtime@6.18.0
94 silly idealTree +-- babylon@6.14.1
94 silly idealTree +-- balanced-match@0.4.2
94 silly idealTree +-- base62@1.1.2
94 silly idealTree +-- base64-js@1.2.0
94 silly idealTree +-- Base64@0.2.1
94 silly idealTree +-- big.js@3.1.3
94 silly idealTree +-- binary-extensions@1.7.0
94 silly idealTree +-- bootstrap@3.3.7
94 silly idealTree +-- brace-expansion@1.1.6
94 silly idealTree +-- braces@1.8.5
94 silly idealTree +-- browserify-zlib@0.1.4
94 silly idealTree +-- browserslist@1.4.0
94 silly idealTree +-- buffer-shims@1.0.0
94 silly idealTree +-- buffer@4.9.1
94 silly idealTree +-- camel-case@3.0.0
94 silly idealTree +-- camelcase@1.2.1
94 silly idealTree +-- caniuse-db@1.0.30000588
94 silly idealTree +-- center-align@0.1.3
94 silly idealTree +-- chalk@1.1.3
94 silly idealTree +-- change-case@3.0.0
94 silly idealTree +-- chokidar@1.6.1
94 silly idealTree +-- clap@1.1.1
94 silly idealTree +-- clean-css@3.4.21
94 silly idealTree | +-- commander@2.8.1
94 silly idealTree | `-- source-map@0.4.4
94 silly idealTree +-- cliui@2.1.0
94 silly idealTree | `-- wordwrap@0.0.2
94 silly idealTree +-- clone@1.0.2
94 silly idealTree +-- coa@1.0.1
94 silly idealTree +-- color-convert@1.8.2
94 silly idealTree +-- color-name@1.1.1
94 silly idealTree +-- color-string@0.3.0
94 silly idealTree +-- color@0.11.4
94 silly idealTree +-- colormin@1.1.2
94 silly idealTree +-- colors@1.1.2
94 silly idealTree +-- commander@2.9.0
94 silly idealTree +-- commondir@1.0.1
94 silly idealTree +-- commoner@0.10.8
94 silly idealTree +-- concat-map@0.0.1
94 silly idealTree +-- console-browserify@1.1.0
94 silly idealTree +-- constant-case@2.0.0
94 silly idealTree +-- constants-browserify@0.0.1
94 silly idealTree +-- convert-source-map@1.3.0
94 silly idealTree +-- core-js@2.4.1
94 silly idealTree +-- core-util-is@1.0.2
94 silly idealTree +-- crypto-browserify@3.2.8
94 silly idealTree +-- css-color-names@0.0.4
94 silly idealTree +-- css-loader@0.23.1
94 silly idealTree +-- css-selector-tokenizer@0.5.4
94 silly idealTree +-- cssesc@0.1.0
94 silly idealTree +-- cssnano@3.8.1
94 silly idealTree +-- csso@2.2.1
94 silly idealTree +-- date-now@0.1.4
94 silly idealTree +-- debug@2.3.3
94 silly idealTree +-- decamelize@1.2.0
94 silly idealTree +-- defined@1.0.0
94 silly idealTree +-- detect-indent@4.0.0
94 silly idealTree +-- detective@4.3.2
94 silly idealTree +-- domain-browser@1.1.7
94 silly idealTree +-- dot-case@2.1.0
94 silly idealTree +-- emojis-list@2.1.0
94 silly idealTree +-- enhanced-resolve@0.9.1
94 silly idealTree | `-- memory-fs@0.2.0
94 silly idealTree +-- envify@3.4.1
94 silly idealTree +-- errno@0.1.4
94 silly idealTree +-- es6-templates@0.2.3
94 silly idealTree +-- escape-string-regexp@1.0.5
94 silly idealTree +-- esprima-fb@15001.1.0-dev-harmony-fb
94 silly idealTree +-- esutils@2.0.2
94 silly idealTree +-- events@1.1.1
94 silly idealTree +-- expand-brackets@0.1.5
94 silly idealTree +-- expand-range@1.8.2
94 silly idealTree +-- extglob@0.3.2
94 silly idealTree +-- extract-text-webpack-plugin@1.0.1
94 silly idealTree +-- fastparse@1.1.1
94 silly idealTree +-- file-loader@0.9.0
94 silly idealTree +-- filename-regex@2.0.0
94 silly idealTree +-- fill-range@2.2.3
94 silly idealTree +-- find-cache-dir@0.1.1
94 silly idealTree +-- find-up@1.1.2
94 silly idealTree +-- flatten@1.0.2
94 silly idealTree +-- for-in@0.1.6
94 silly idealTree +-- for-own@0.1.4
94 silly idealTree +-- function-bind@1.1.0
94 silly idealTree +-- glob-base@0.3.0
94 silly idealTree +-- glob-parent@2.0.0
94 silly idealTree +-- glob@5.0.15
94 silly idealTree +-- globals@9.14.0
94 silly idealTree +-- graceful-fs@4.1.11
94 silly idealTree +-- graceful-readlink@1.0.1
94 silly idealTree +-- has-ansi@2.0.0
94 silly idealTree +-- has-flag@1.0.0
94 silly idealTree +-- has@1.0.1
94 silly idealTree +-- hash-sum@1.0.2
94 silly idealTree +-- he@1.1.0
94 silly idealTree +-- header-case@1.0.0
94 silly idealTree +-- home-or-tmp@2.0.0
94 silly idealTree +-- html-comment-regex@1.1.1
94 silly idealTree +-- html-minifier@2.1.7
94 silly idealTree | +-- async@0.2.10
94 silly idealTree | `-- uglify-js@2.6.4
94 silly idealTree +-- http-browserify@1.7.0
94 silly idealTree +-- https-browserify@0.0.0
94 silly idealTree +-- iconv-lite@0.4.15
94 silly idealTree +-- icss-replace-symbols@1.0.2
94 silly idealTree +-- ieee754@1.1.8
94 silly idealTree +-- image-size@0.5.0
94 silly idealTree +-- indexes-of@1.0.1
94 silly idealTree +-- indexof@0.0.1
94 silly idealTree +-- inflight@1.0.6
94 silly idealTree +-- inherits@2.0.3
94 silly idealTree +-- interpret@0.6.6
94 silly idealTree +-- invariant@2.2.2
94 silly idealTree +-- is-absolute-url@2.0.0
94 silly idealTree +-- is-binary-path@1.0.1
94 silly idealTree +-- is-buffer@1.1.4
94 silly idealTree +-- is-dotfile@1.0.2
94 silly idealTree +-- is-equal-shallow@0.1.3
94 silly idealTree +-- is-extendable@0.1.1
94 silly idealTree +-- is-extglob@1.0.0
94 silly idealTree +-- is-finite@1.0.2
94 silly idealTree +-- is-glob@2.0.1
94 silly idealTree +-- is-lower-case@1.1.3
94 silly idealTree +-- is-number@2.1.0
94 silly idealTree +-- is-plain-obj@1.1.0
94 silly idealTree +-- is-posix-bracket@0.1.1
94 silly idealTree +-- is-primitive@2.0.0
94 silly idealTree +-- is-svg@2.1.0
94 silly idealTree +-- is-upper-case@1.1.2
94 silly idealTree +-- isarray@1.0.0
94 silly idealTree +-- isobject@2.1.0
94 silly idealTree +-- jquery-unslider@1.2.0
94 silly idealTree +-- jquery@3.1.1
94 silly idealTree +-- js-base64@2.1.9
94 silly idealTree +-- js-tokens@2.0.0
94 silly idealTree +-- js-yaml@3.6.1
94 silly idealTree | `-- esprima@2.7.3
94 silly idealTree +-- jsesc@1.3.0
94 silly idealTree +-- json5@0.5.1
94 silly idealTree +-- jstransform@11.0.3
94 silly idealTree | +-- object-assign@2.1.1
94 silly idealTree | `-- source-map@0.4.4
94 silly idealTree +-- kind-of@3.0.4
94 silly idealTree +-- lazy-cache@1.0.4
94 silly idealTree +-- less-loader@2.2.3
94 silly idealTree +-- less@2.7.1
94 silly idealTree +-- loader-utils@0.2.16
94 silly idealTree +-- lodash._createcompounder@3.0.0
94 silly idealTree +-- lodash._root@3.0.1
94 silly idealTree +-- lodash.camelcase@3.0.1
94 silly idealTree +-- lodash.deburr@3.2.0
94 silly idealTree +-- lodash.indexof@4.0.5
94 silly idealTree +-- lodash.words@3.2.0
94 silly idealTree +-- lodash@4.17.2
94 silly idealTree +-- longest@1.0.1
94 silly idealTree +-- loose-envify@1.3.0
94 silly idealTree +-- lower-case-first@1.0.2
94 silly idealTree +-- lower-case@1.1.3
94 silly idealTree +-- lru-cache@2.7.3
94 silly idealTree +-- macaddress@0.2.8
94 silly idealTree +-- math-expression-evaluator@1.2.14
94 silly idealTree +-- memory-fs@0.3.0
94 silly idealTree +-- micromatch@2.3.11
94 silly idealTree +-- mime@1.3.4
94 silly idealTree +-- minimatch@3.0.3
94 silly idealTree +-- minimist@0.0.8
94 silly idealTree +-- mkdirp@0.5.1
94 silly idealTree +-- ms@0.7.2
94 silly idealTree +-- ncname@1.0.0
94 silly idealTree +-- no-case@2.3.0
94 silly idealTree +-- node-libs-browser@0.6.0
94 silly idealTree | +-- isarray@0.0.1
94 silly idealTree | `-- readable-stream@1.1.14
94 silly idealTree +-- normalize-path@2.0.1
94 silly idealTree +-- normalize-range@0.1.2
94 silly idealTree +-- normalize-url@1.8.0
94 silly idealTree +-- num2fraction@1.2.2
94 silly idealTree +-- number-is-nan@1.0.1
94 silly idealTree +-- object-assign@4.1.0
94 silly idealTree +-- object.omit@2.0.1
94 silly idealTree +-- once@1.4.0
94 silly idealTree +-- optimist@0.6.1
94 silly idealTree +-- os-browserify@0.1.2
94 silly idealTree +-- os-homedir@1.0.2
94 silly idealTree +-- os-tmpdir@1.0.2
94 silly idealTree +-- pako@0.2.9
94 silly idealTree +-- param-case@2.1.0
94 silly idealTree +-- parse-glob@3.0.4
94 silly idealTree +-- parse5@1.5.1
94 silly idealTree +-- pascal-case@2.0.0
94 silly idealTree +-- path-browserify@0.0.0
94 silly idealTree +-- path-case@2.1.0
94 silly idealTree +-- path-exists@2.1.0
94 silly idealTree +-- path-is-absolute@1.0.1
94 silly idealTree +-- pbkdf2-compat@2.0.1
94 silly idealTree +-- pinkie-promise@2.0.1
94 silly idealTree +-- pinkie@2.0.4
94 silly idealTree +-- pkg-dir@1.0.0
94 silly idealTree +-- postcss-calc@5.3.1
94 silly idealTree +-- postcss-colormin@2.2.1
94 silly idealTree +-- postcss-convert-values@2.5.0
94 silly idealTree +-- postcss-discard-comments@2.0.4
94 silly idealTree +-- postcss-discard-duplicates@2.0.2
94 silly idealTree +-- postcss-discard-empty@2.1.0
94 silly idealTree +-- postcss-discard-overridden@0.1.1
94 silly idealTree +-- postcss-discard-unused@2.2.3
94 silly idealTree +-- postcss-filter-plugins@2.0.2
94 silly idealTree +-- postcss-merge-idents@2.1.7
94 silly idealTree +-- postcss-merge-longhand@2.0.1
94 silly idealTree +-- postcss-merge-rules@2.0.10
94 silly idealTree +-- postcss-message-helpers@2.0.0
94 silly idealTree +-- postcss-minify-font-values@1.0.5
94 silly idealTree +-- postcss-minify-gradients@1.0.5
94 silly idealTree +-- postcss-minify-params@1.0.5
94 silly idealTree +-- postcss-minify-selectors@2.0.7
94 silly idealTree +-- postcss-modules-extract-imports@1.0.1
94 silly idealTree +-- postcss-modules-local-by-default@1.1.1
94 silly idealTree | +-- css-selector-tokenizer@0.6.0
94 silly idealTree | `-- regexpu-core@1.0.0
94 silly idealTree +-- postcss-modules-scope@1.0.2
94 silly idealTree | +-- css-selector-tokenizer@0.6.0
94 silly idealTree | `-- regexpu-core@1.0.0
94 silly idealTree +-- postcss-modules-values@1.2.2
94 silly idealTree +-- postcss-normalize-charset@1.1.1
94 silly idealTree +-- postcss-normalize-url@3.0.7
94 silly idealTree +-- postcss-ordered-values@2.2.2
94 silly idealTree +-- postcss-reduce-idents@2.3.1
94 silly idealTree +-- postcss-reduce-initial@1.0.0
94 silly idealTree +-- postcss-reduce-transforms@1.0.4
94 silly idealTree +-- postcss-selector-parser@2.2.2
94 silly idealTree +-- postcss-svgo@2.1.5
94 silly idealTree +-- postcss-unique-selectors@2.0.2
94 silly idealTree +-- postcss-value-parser@3.3.0
94 silly idealTree +-- postcss-zindex@2.2.0
94 silly idealTree +-- postcss@5.2.6
94 silly idealTree | `-- supports-color@3.1.2
94 silly idealTree +-- prepend-http@1.0.4
94 silly idealTree +-- preserve@0.2.0
94 silly idealTree +-- private@0.1.6
94 silly idealTree +-- process-nextick-args@1.0.7
94 silly idealTree +-- process@0.11.9
94 silly idealTree +-- promise@7.1.1
94 silly idealTree +-- prr@0.0.0
94 silly idealTree +-- punycode@1.4.1
94 silly idealTree +-- q@1.4.1
94 silly idealTree +-- query-string@4.2.3
94 silly idealTree +-- querystring-es3@0.2.1
94 silly idealTree +-- querystring@0.2.0
94 silly idealTree +-- randomatic@1.1.6
94 silly idealTree +-- readable-stream@2.2.2
94 silly idealTree +-- readdirp@2.1.0
94 silly idealTree +-- recast@0.11.18
94 silly idealTree | `-- esprima@3.1.2
94 silly idealTree +-- reduce-css-calc@1.3.0
94 silly idealTree +-- reduce-function-call@1.0.2
94 silly idealTree +-- regenerate@1.3.2
94 silly idealTree +-- regenerator-runtime@0.9.6
94 silly idealTree +-- regex-cache@0.4.3
94 silly idealTree +-- regexpu-core@2.0.0
94 silly idealTree +-- regjsgen@0.2.0
94 silly idealTree +-- regjsparser@0.1.5
94 silly idealTree | `-- jsesc@0.5.0
94 silly idealTree +-- relateurl@0.2.7
94 silly idealTree +-- repeat-element@1.1.2
94 silly idealTree +-- repeat-string@1.6.1
94 silly idealTree +-- repeating@2.0.1
94 silly idealTree +-- right-align@0.1.3
94 silly idealTree +-- ripemd160@0.2.0
94 silly idealTree +-- sax@1.2.1
94 silly idealTree +-- sentence-case@2.1.0
94 silly idealTree +-- set-immediate-shim@1.0.1
94 silly idealTree +-- sha.js@2.2.6
94 silly idealTree +-- slash@1.0.0
94 silly idealTree +-- snake-case@2.1.0
94 silly idealTree +-- sort-keys@1.1.2
94 silly idealTree +-- source-list-map@0.1.6
94 silly idealTree +-- source-map-support@0.4.6
94 silly idealTree +-- source-map@0.5.6
94 silly idealTree +-- sprintf-js@1.0.3
94 silly idealTree +-- stream-browserify@1.0.0
94 silly idealTree | +-- isarray@0.0.1
94 silly idealTree | `-- readable-stream@1.1.14
94 silly idealTree +-- strict-uri-encode@1.1.0
94 silly idealTree +-- string_decoder@0.10.31
94 silly idealTree +-- strip-ansi@3.0.1
94 silly idealTree +-- style-loader@0.13.1
94 silly idealTree +-- supports-color@2.0.0
94 silly idealTree +-- svgo@0.7.1
94 silly idealTree +-- swap-case@1.1.2
94 silly idealTree +-- tapable@0.1.10
94 silly idealTree +-- through@2.3.8
94 silly idealTree +-- timers-browserify@1.4.2
94 silly idealTree +-- title-case@2.1.0
94 silly idealTree +-- to-fast-properties@1.0.2
94 silly idealTree +-- tty-browserify@0.0.0
94 silly idealTree +-- uglify-js@2.7.4
94 silly idealTree | `-- async@0.2.10
94 silly idealTree +-- uglify-to-browserify@1.0.2
94 silly idealTree +-- uniq@1.0.1
94 silly idealTree +-- uniqid@4.1.0
94 silly idealTree +-- uniqs@2.0.0
94 silly idealTree +-- upper-case-first@1.1.2
94 silly idealTree +-- upper-case@1.1.3
94 silly idealTree +-- url-loader@0.5.7
94 silly idealTree | `-- mime@1.2.11
94 silly idealTree +-- url@0.10.3
94 silly idealTree | `-- punycode@1.3.2
94 silly idealTree +-- util-deprecate@1.0.2
94 silly idealTree +-- util@0.10.3
94 silly idealTree | `-- inherits@2.0.1
94 silly idealTree +-- vendors@1.0.1
94 silly idealTree +-- vm-browserify@0.0.4
94 silly idealTree +-- vue-hot-reload-api@1.3.3
94 silly idealTree +-- vue-html-loader@1.2.3
94 silly idealTree +-- vue-loader@7.5.3
94 silly idealTree | `-- postcss-selector-parser@1.3.3
94 silly idealTree +-- vue@1.0.28
94 silly idealTree +-- watchpack@0.2.9
94 silly idealTree | `-- async@0.9.2
94 silly idealTree +-- webpack-core@0.6.8
94 silly idealTree | `-- source-map@0.4.4
94 silly idealTree +-- webpack-sources@0.1.3
94 silly idealTree +-- webpack@1.13.3
94 silly idealTree | `-- supports-color@3.1.2
94 silly idealTree +-- whet.extend@0.9.9
94 silly idealTree +-- window-size@0.1.0
94 silly idealTree +-- wordwrap@0.0.3
94 silly idealTree +-- wrappy@1.0.2
94 silly idealTree +-- xml-char-classes@1.0.0
94 silly idealTree `-- yargs@3.10.0
95 silly generateActionsToTake Starting
96 silly install generateActionsToTake
97 silly generateActionsToTake Finishing
98 silly diffTrees action count 1
99 silly diffTrees add jquery-unslider@1.2.0
100 silly decomposeActions action count 8
101 silly decomposeActions fetch jquery-unslider@1.2.0
102 silly decomposeActions extract jquery-unslider@1.2.0
103 silly decomposeActions test jquery-unslider@1.2.0
104 silly decomposeActions preinstall jquery-unslider@1.2.0
105 silly decomposeActions build jquery-unslider@1.2.0
106 silly decomposeActions install jquery-unslider@1.2.0
107 silly decomposeActions postinstall jquery-unslider@1.2.0
108 silly decomposeActions finalize jquery-unslider@1.2.0
109 silly executeActions Starting
110 silly install executeActions
111 silly doSerial global-install 0
112 silly doParallel fetch 1
113 verbose correctMkdir C:\Users\Administrator\AppData\Roaming\npm-cache\_locks correctMkdir not in flight; initializing
114 verbose lock using C:\Users\Administrator\AppData\Roaming\npm-cache\_locks\staging-fa5e43c8de1e0131.lock for C:\Users\Administrator\Desktop\vueApp\node_modules\.staging
115 silly doParallel extract 1
116 silly extract jquery-unslider@1.2.0
117 verbose unbuild node_modules\.staging\jquery-unslider-ed343389
118 silly gentlyRm C:\Users\Administrator\Desktop\vueApp\node_modules\.staging\jquery-unslider-ed343389 is being purged from base C:\Users\Administrator\Desktop\vueApp
119 verbose gentlyRm don't care about contents; nuking C:\Users\Administrator\Desktop\vueApp\node_modules\.staging\jquery-unslider-ed343389
120 verbose tar unpack C:\Users\Administrator\AppData\Roaming\npm-cache\jquery-unslider\1.2.0\package.tgz
121 verbose tar unpacking to C:\Users\Administrator\Desktop\vueApp\node_modules\.staging\jquery-unslider-ed343389
122 silly gentlyRm C:\Users\Administrator\Desktop\vueApp\node_modules\.staging\jquery-unslider-ed343389 is being purged
123 verbose gentlyRm don't care about contents; nuking C:\Users\Administrator\Desktop\vueApp\node_modules\.staging\jquery-unslider-ed343389
124 silly gunzTarPerm modes [ '777', '666' ]
125 silly gunzTarPerm extractEntry package.json
126 silly gunzTarPerm modified mode [ 'package.json', 493, 511 ]
127 silly gunzTarPerm extractEntry .npmignore
128 silly gunzTarPerm modified mode [ '.npmignore', 493, 511 ]
129 silly gunzTarPerm extractEntry README
130 silly gunzTarPerm modified mode [ 'README', 420, 438 ]
131 silly gunzTarPerm extractEntry LICENSE
132 silly gunzTarPerm modified mode [ 'LICENSE', 420, 438 ]
133 silly gunzTarPerm extractEntry LICENSE
133 silly gunzTarPerm LICENSE
134 silly gunzTarPerm modified mode [ 'LICENSE\nLICENSE', 420, 438 ]
135 silly gunzTarPerm extractEntry bower.json
136 silly gunzTarPerm modified mode [ 'bower.json', 493, 511 ]
137 silly gunzTarPerm extractEntry config.codekit
138 silly gunzTarPerm modified mode [ 'config.codekit', 493, 511 ]
139 silly gunzTarPerm extractEntry dist/css/unslider-dots.css
140 silly gunzTarPerm modified mode [ 'dist/css/unslider-dots.css', 493, 511 ]
141 error tar.unpack untar error C:\Users\Administrator\AppData\Roaming\npm-cache\jquery-unslider\1.2.0\package.tgz
142 verbose unlock done using C:\Users\Administrator\AppData\Roaming\npm-cache\_locks\staging-fa5e43c8de1e0131.lock for C:\Users\Administrator\Desktop\vueApp\node_modules\.staging
143 silly rollbackFailedOptional Starting
144 silly rollbackFailedOptional Finishing
145 silly runTopLevelLifecycles Starting
146 silly runTopLevelLifecycles Finishing
147 silly install printInstalled
148 warn optional Skipping failed optional dependency /chokidar/fsevents:
149 warn notsup Not compatible with your operating system or architecture: fsevents@1.0.15
150 warn vue-webpack@1.0.0 No repository field.
151 verbose stack Error: ENOENT: no such file or directory, open 'C:\Users\Administrator\Desktop\vueApp\node_modules\.staging\jquery-unslider-ed343389\LICENSE
151 verbose stack LICENSE'
151 verbose stack     at Error (native)
152 verbose cwd C:\Users\Administrator\Desktop\vueApp
153 error Windows_NT 6.1.7601
154 error argv "D:\\Program Files\\nodejs\\node.exe" "D:\\Program Files\\nodejs\\node_modules\\npm\\bin\\npm-cli.js" "install" "jquery-unslider" "--save-dev"
155 error node v6.6.0
156 error npm  v3.10.3
157 error path C:\Users\Administrator\Desktop\vueApp\node_modules\.staging\jquery-unslider-ed343389\LICENSE
157 error path LICENSE
158 error code ENOENT
159 error errno -4058
160 error syscall open
161 error enoent ENOENT: no such file or directory, open 'C:\Users\Administrator\Desktop\vueApp\node_modules\.staging\jquery-unslider-ed343389\LICENSE
161 error enoent LICENSE'
162 error enoent ENOENT: no such file or directory, open 'C:\Users\Administrator\Desktop\vueApp\node_modules\.staging\jquery-unslider-ed343389\LICENSE
162 error enoent LICENSE'
162 error enoent This is most likely not a problem with npm itself
162 error enoent and is related to npm not being able to find a file.
163 verbose exit [ -4058, true ]
